[13:40:09] === Cold-start τ=0.5 solve started, p=[np.float64(0.3), np.float64(0.5), np.float64(0.7)] ===
[13:40:09]   Hybrid: Picard-adaptive → Anderson → LM-Newton, target F<1e-12
[13:40:09] 
--- PHASE 1: damped Picard with adaptive α ---
[13:40:09]   Picard start: F=6.418e-01, α=0.1
[13:40:10]   Picard stuck at α=α_min, F=1.935e-01, breaking
[13:40:10]   Picard end: F=1.935e-01, total iters=16, final α=1.00e-04
[13:40:10] EXCEPTION:
[13:40:10] Traceback (most recent call last):
  File "/tmp/cold_tau05.py", line 341, in <module>
    main()
  File "/tmp/cold_tau05.py", line 295, in main
    save_state(mu_field, histories, 'after_picard')
  File "/tmp/cold_tau05.py", line 221, in save_state
    json.dump({k: [float(x) for x in v] for k, v in phase_histories.items()},
              ^^^^^^^^^^^^^^^^^^^^^^^^^^^^^^^^^^^^^^^^^^^^^^^^^^^^^^^^^^^^^^
  File "/tmp/cold_tau05.py", line 221, in <dictcomp>
    json.dump({k: [float(x) for x in v] for k, v in phase_histories.items()},
                  ^^^^^^^^^^^^^^^^^^^^^
  File "/tmp/cold_tau05.py", line 221, in <listcomp>
    json.dump({k: [float(x) for x in v] for k, v in phase_histories.items()},
                   ^^^^^^^^
TypeError: float() argument must be a string or a real number, not 'list'

